10 [140168160799680] INFO perfrun.launcher <> - Launcher main begin
11 [140168160799680] INFO perfrun.launcher <> - MessageCatalogInit finished
11 [140168160799680] INFO perfrun.launcher <> - Launcher instance created
11 [140168160799680] INFO perfrun.launcher <> - argc = 6; cmdline = /opt/intel/oneapi/vtune/2022.4.1/bin64/amplxe-runss -dump-vdso -r /opt/shared/gem5-learning/gem5_config_scripts/native_res/x264_40.sh_vtune21-00-45_03-12-2022 --tmp-dir /tmp/amplxe-tmp-n869p538 
53 [140168160799680] INFO perfrun.launcher <> - create msngr2::ICliToolContext
53 [140168160799680] INFO perfrun.launcher <> - create file finder object
56 [140168142739200] INFO perfrun.launcher <> - plugin [remoteplug] was disabled because it doesn't support the given collection type.
56 [140168142739200] INFO perfrun.launcher <> - plugin [system] was disabled because it doesn't support the given collection type.
56 [140168142739200] INFO perfrun.vdso <> - dumping [vdso] pseudomodule
58 [140168142739200] INFO perfrun.launcher <> - plugin [itt] was disabled because it doesn't support the given collection type.
58 [140168142739200] INFO perfrun.launcher <> - plugin [ptracecollector] was disabled because it doesn't support the given collection type.
58 [140168142739200] INFO perfrun.launcher <> - plugin [gpu] was disabled because it doesn't support the given collection type.
58 [140168142739200] INFO perfrun.launcher <> - plugin [] was disabled because it doesn't support the given collection type.
58 [140168142739200] INFO perfrun.launcher <> - plugin [] was disabled because it doesn't support the given collection type.
58 [140168142739200] INFO perfrun.launcher <> - plugin [] was disabled because it doesn't support the given collection type.
58 [140168142739200] INFO perfrun.launcher <> - plugin [mrte] was disabled because it doesn't support the given collection type.
58 [140168142739200] INFO perfrun.launcher <> - plugin [emon] was disabled because it doesn't support the given collection type.
58 [140168142739200] INFO perfrun.launcher <> - plugin [cuscol] was disabled because it doesn't support the given collection type.
58 [140168142739200] INFO perfrun.launcher <> - plugin [stdsrc] was disabled because it doesn't support the given collection type.
58 [140168142739200] INFO perfrun.launcher <> - plugin [sep] was disabled because it doesn't support the given collection type.
58 [140168142739200] INFO perfrun.launcher <> - plugin [vtsspp] was disabled because it doesn't support the given collection type.
58 [140168142739200] INFO perfrun.launcher <> - plugin [perf] was disabled because it doesn't support the given collection type.
58 [140168142739200] INFO perfrun.launcher <> - plugin [aoclprofile] was disabled because it doesn't support the given collection type.
58 [140168142739200] INFO perfrun.launcher <> - plugin [tpss] was disabled because it doesn't support the given collection type.
58 [140168142739200] INFO perfrun.launcher <> - plugin [media] was disabled because it doesn't support the given collection type.
58 [140168142739200] INFO perfrun.launcher <> - plugin [] was disabled because it doesn't support the given collection type.
58 [140168142739200] INFO perfrun.launcher <> - plugin [] was disabled because it doesn't support the given collection type.
58 [140168142739200] INFO perfrun.launcher <> - plugin [parallelfs] was disabled because it doesn't support the given collection type.
58 [140168142739200] INFO perfrun.launcher <> - plugin [power] was disabled because it doesn't support the given collection type.
58 [140168142739200] INFO perfrun.launcher <> - plugin [hwloc] was disabled because it doesn't support the given collection type.
58 [140168142739200] INFO perfrun.launcher <> - plugin [ipmwatch] was disabled because it doesn't support the given collection type.
58 [140168142739200] INFO perfrun.launcher <> - plugin [os_counters] was disabled because it doesn't support the given collection type.
58 [140168142739200] INFO perfrun.launcher <> - plugin [l0_metrics] was disabled because it doesn't support the given collection type.
58 [140168160799680] INFO perfrun.launcher <> - Application exit code: 0
58 [140168160799680] INFO perfrun.launcher <> - Exit code: 0
